<?xml version="1.0" encoding="UTF-8"?>
<testsuite xmlns:xsi="http://www.w3.org/2001/XMLSchema-instance" xsi:noNamespaceSchemaLocation="https://maven.apache.org/surefire/maven-surefire-plugin/xsd/surefire-test-report.xsd" version="3.0.2" name="com.example.demo.DeployToAwsApplicationTests" time="12.612" tests="1" errors="0" skipped="0" failures="0">
  <properties>
[...]
</properties>
  <testcase name="contextLoads" classname="com.example.demo.DeployToAwsApplicationTests" time="2.992">
    <system-out><![CDATA[15:11:54.752 [main] INFO org.springframework.test.context.support.AnnotationConfigContextLoaderUtils -- Could not detect default configuration classes for test class [com.example.demo.DeployToAwsApplicationTests]: DeployToAwsApplicationTests does not declare any static, non-private, non-final, nested classes annotated with @Configuration.
15:11:55.408 [main] INFO org.springframework.boot.test.context.SpringBootTestContextBootstrapper -- Found @SpringBootConfiguration com.example.demo.DeployToAwsApplication for test class com.example.demo.DeployToAwsApplicationTests

  .   ____          _            __ _ _
 /\\ / ___'_ __ _ _(_)_ __  __ _ \ \ \ \
( ( )\___ | '_ | '_| | '_ \/ _` | \ \ \ \
 \\/  ___)| |_)| | | | | || (_| |  ) ) ) )
  '  |____| .__|_| |_|_| |_\__, | / / / /
 =========|_|==============|___/=/_/_/_/

 :: Spring Boot ::       (v3.5.5-SNAPSHOT)

2025-07-27T15:11:57.872+05:30  INFO 6264 --- [DeployToAWS] [           main] c.e.demo.DeployToAwsApplicationTests     : Starting DeployToAwsApplicationTests using Java 17.0.14 with PID 6264 (started by rohit in C:\Users\rohit\Downloads\demo\demo)
2025-07-27T15:11:57.876+05:30  INFO 6264 --- [DeployToAWS] [           main] c.e.demo.DeployToAwsApplicationTests     : No active profile set, falling back to 1 default profile: "default"
2025-07-27T15:12:03.786+05:30  INFO 6264 --- [DeployToAWS] [           main] c.e.demo.DeployToAwsApplicationTests     : Started DeployToAwsApplicationTests in 7.297 seconds (process running for 11.593)
]]></system-out>
  </testcase>
</testsuite>